15:47:45:049 [ALWAYS]	GUDE Logging Started
15:47:45:049 [INFO]	SqliteResumeCache::SqliteResumeCache basedirectory is null/empty
15:47:45:049 [ERROR]	SqliteResumeCache::CreateSqliteResumeCache creating resume cache pointer failure
15:47:45:049 [ERROR]	Initialize resume cache pointer failure
15:47:45:049 [INFO]	gude policy POLICY_USER limit (2,2,1) chunk 2097152, chunking (UL 0 DL 1), resXfer 1, adapt 0, NSURL 0, timeout 86400 
15:47:45:049 [INFO]	Initialized -- gude-lib version: v0.12.1 app: gude
15:47:45:940 [WARN]	Ignoring attempt to reinit logging to \gude at level 4 retaining 3 days of logs
15:47:45:940 [INFO]	SqliteResumeCache::SqliteResumeCache basedirectory is null/empty
15:47:45:940 [ERROR]	SqliteResumeCache::CreateSqliteResumeCache creating resume cache pointer failure
15:47:45:940 [ERROR]	Initialize resume cache pointer failure
15:47:45:941 [INFO]	gude policy POLICY_USER limit (4,4,1) chunk 2097152, chunking (UL 0 DL 1), resXfer 1, adapt 0, NSURL 1, timeout 86400 
15:47:45:941 [INFO]	Initialized -- gude-lib version: v0.12.1 app: gude
15:53:49:145 [ALWAYS]	GUDE Logging Started
15:53:49:146 [INFO]	SqliteResumeCache::SqliteResumeCache basedirectory is null/empty
15:53:49:146 [ERROR]	SqliteResumeCache::CreateSqliteResumeCache creating resume cache pointer failure
15:53:49:146 [ERROR]	Initialize resume cache pointer failure
15:53:49:146 [INFO]	gude policy POLICY_USER limit (2,2,1) chunk 2097152, chunking (UL 0 DL 1), resXfer 1, adapt 0, NSURL 0, timeout 86400 
15:53:49:146 [INFO]	Initialized -- gude-lib version: v0.12.1 app: gude
15:53:50:015 [WARN]	Ignoring attempt to reinit logging to \gude at level 4 retaining 3 days of logs
15:53:50:015 [INFO]	SqliteResumeCache::SqliteResumeCache basedirectory is null/empty
15:53:50:015 [ERROR]	SqliteResumeCache::CreateSqliteResumeCache creating resume cache pointer failure
15:53:50:015 [ERROR]	Initialize resume cache pointer failure
15:53:50:015 [INFO]	gude policy POLICY_USER limit (4,4,1) chunk 2097152, chunking (UL 0 DL 1), resXfer 1, adapt 0, NSURL 1, timeout 86400 
15:53:50:015 [INFO]	Initialized -- gude-lib version: v0.12.1 app: gude
15:54:00:859 [ALWAYS]	GUDE Logging Started
15:54:00:859 [INFO]	SqliteResumeCache::SqliteResumeCache basedirectory is null/empty
15:54:00:859 [ERROR]	SqliteResumeCache::CreateSqliteResumeCache creating resume cache pointer failure
15:54:00:859 [ERROR]	Initialize resume cache pointer failure
15:54:00:859 [INFO]	gude policy POLICY_USER limit (2,2,1) chunk 2097152, chunking (UL 0 DL 1), resXfer 1, adapt 0, NSURL 0, timeout 86400 
15:54:00:859 [INFO]	Initialized -- gude-lib version: v0.12.1 app: gude
15:54:01:729 [WARN]	Ignoring attempt to reinit logging to \gude at level 4 retaining 3 days of logs
15:54:01:729 [INFO]	SqliteResumeCache::SqliteResumeCache basedirectory is null/empty
15:54:01:729 [ERROR]	SqliteResumeCache::CreateSqliteResumeCache creating resume cache pointer failure
15:54:01:729 [ERROR]	Initialize resume cache pointer failure
15:54:01:729 [INFO]	gude policy POLICY_USER limit (4,4,1) chunk 2097152, chunking (UL 0 DL 1), resXfer 1, adapt 0, NSURL 1, timeout 86400 
15:54:01:729 [INFO]	Initialized -- gude-lib version: v0.12.1 app: gude
15:55:27:190 [ALWAYS]	GUDE Logging Started
15:55:27:190 [INFO]	SqliteResumeCache::SqliteResumeCache basedirectory is null/empty
15:55:27:190 [ERROR]	SqliteResumeCache::CreateSqliteResumeCache creating resume cache pointer failure
15:55:27:190 [ERROR]	Initialize resume cache pointer failure
15:55:27:190 [INFO]	gude policy POLICY_USER limit (2,2,1) chunk 2097152, chunking (UL 0 DL 1), resXfer 1, adapt 0, NSURL 0, timeout 86400 
15:55:27:190 [INFO]	Initialized -- gude-lib version: v0.12.1 app: gude
15:55:28:045 [WARN]	Ignoring attempt to reinit logging to \gude at level 4 retaining 3 days of logs
15:55:28:045 [INFO]	SqliteResumeCache::SqliteResumeCache basedirectory is null/empty
15:55:28:045 [ERROR]	SqliteResumeCache::CreateSqliteResumeCache creating resume cache pointer failure
15:55:28:045 [ERROR]	Initialize resume cache pointer failure
15:55:28:045 [INFO]	gude policy POLICY_USER limit (4,4,1) chunk 2097152, chunking (UL 0 DL 1), resXfer 1, adapt 0, NSURL 1, timeout 86400 
15:55:28:045 [INFO]	Initialized -- gude-lib version: v0.12.1 app: gude
